#
# There is insufficient memory for the Java Runtime Environment to continue.
# Native memory allocation (mmap) failed to map 117440512 bytes for Failed to commit area from 0x0000000090a00000 to 0x0000000097a00000 of length 117440512.
# Possible reasons:
#   The system is out of physical RAM or swap space
#   The process is running with CompressedOops enabled, and the Java Heap may be blocking the growth of the native heap
# Possible solutions:
#   Reduce memory load on the system
#   Increase physical memory or swap space
#   Check if swap backing store is full
#   Decrease Java heap size (-Xmx/-Xms)
#   Decrease number of Java threads
#   Decrease Java thread stack sizes (-Xss)
#   Set larger code cache with -XX:ReservedCodeCacheSize=
# This output file may be truncated or incomplete.
#
#  Out of Memory Error (./open/src/hotspot/os/windows/os_windows.cpp:3273), pid=19928, tid=1516
#
# JRE version:  (11.0.10+8) (build )
# Java VM: Java HotSpot(TM) 64-Bit Server VM (11.0.10+8-LTS-162, mixed mode, sharing, tiered, compressed oops, g1 gc, windows-amd64)
# No core dump will be written. Minidumps are not enabled by default on client versions of Windows
#

---------------  S U M M A R Y ------------

Command Line: 

Host: AMD Ryzen 5 2500U with Radeon Vega Mobile Gfx  , 8 cores, 6G,  Windows 10 , 64 bit Build 19041 (10.0.19041.804)
Time: Thu Apr  1 22:01:41 2021 SE Asia Standard Time elapsed time: 0.028334 seconds (0d 0h 0m 0s)

---------------  T H R E A D  ---------------

Current thread (0x000001cf5e498000):  JavaThread "Unknown thread" [_thread_in_vm, id=1516, stack(0x0000008309700000,0x0000008309800000)]

Stack: [0x0000008309700000,0x0000008309800000]
Native frames: (J=compiled Java code, j=interpreted, Vv=VM code, C=native code)
V  [jvm.dll+0x613e6a]
V  [jvm.dll+0x74c1ff]
V  [jvm.dll+0x74d885]
V  [jvm.dll+0x74df03]
V  [jvm.dll+0x243b78]
V  [jvm.dll+0x61125a]
V  [jvm.dll+0x606165]
V  [jvm.dll+0x2f85fc]
V  [jvm.dll+0x2f8482]
V  [jvm.dll+0x2fd136]
V  [jvm.dll+0x33f6bf]
V  [jvm.dll+0x33f0f0]
V  [jvm.dll+0x2d5d08]
V  [jvm.dll+0x2d6e66]
V  [jvm.dll+0x727d17]
V  [jvm.dll+0x7295bf]
V  [jvm.dll+0x34c4a9]
V  [jvm.dll+0x70d6b0]
V  [jvm.dll+0x3b584f]
V  [jvm.dll+0x3b7951]
C  [jli.dll+0x520b]
C  [ucrtbase.dll+0x21bb2]
C  [KERNEL32.DLL+0x17034]
C  [ntdll.dll+0x52651]


---------------  P R O C E S S  ---------------

Threads class SMR info:
_java_thread_list=0x000001cf5e2e1fa0, length=0, elements={
}

Java Threads: ( => current thread )

Other Threads:
  0x000001cf5e4ae000 GCTaskThread "GC Thread#0" [stack: 0x0000008309800000,0x0000008309900000] [id=16216]
  0x000001cf5e4dc800 ConcurrentGCThread "G1 Main Marker" [stack: 0x0000008309900000,0x0000008309a00000] [id=19208]
  0x000001cf5e4df000 ConcurrentGCThread "G1 Conc#0" [stack: 0x0000008309a00000,0x0000008309b00000] [id=11572]

[error occurred during error reporting (printing all threads), id 0xc0000005, EXCEPTION_ACCESS_VIOLATION (0xc0000005) at pc=0x00007ffe0de74f57]

VM state:not at safepoint (not fully initialized)

VM Mutex/Monitor currently owned by a thread:  ([mutex/lock_event])
[0x000001cf5e495a40] Heap_lock - owner thread: 0x000001cf5e498000

Heap address: 0x0000000090a00000, size: 1782 MB, Compressed Oops mode: Non-zero based: 0x0000000090a00000
Narrow klass base: 0x0000000000000000, Narrow klass shift: 0

GC Heap History (0 events):
No events

Deoptimization events (0 events):
No events

Classes redefined (0 events):
No events

Internal exceptions (0 events):
No events

Events (0 events):
No events


Dynamic libraries:
0x00007ff7d0c10000 - 0x00007ff7d0c1f000 	C:\Program Files\Java\jdk-11.0.10\bin\java.exe
0x00007ffe3fdb0000 - 0x00007ffe3ffa5000 	C:\windows\SYSTEM32\ntdll.dll
0x00007ffe3e8c0000 - 0x00007ffe3e97d000 	C:\windows\System32\KERNEL32.DLL
0x00007ffe3d880000 - 0x00007ffe3db49000 	C:\windows\System32\KERNELBASE.dll
0x00007ffe3d5f0000 - 0x00007ffe3d6f0000 	C:\windows\System32\ucrtbase.dll
0x00007ffe21b40000 - 0x00007ffe21b55000 	C:\Program Files\Java\jdk-11.0.10\bin\VCRUNTIME140.dll
0x00007ffe21b20000 - 0x00007ffe21b38000 	C:\Program Files\Java\jdk-11.0.10\bin\jli.dll
0x00007ffe3fcc0000 - 0x00007ffe3fd6c000 	C:\windows\System32\ADVAPI32.dll
0x00007ffe3f1e0000 - 0x00007ffe3f27e000 	C:\windows\System32\msvcrt.dll
0x00007ffe3e750000 - 0x00007ffe3e7ec000 	C:\windows\System32\sechost.dll
0x00007ffe3e2f0000 - 0x00007ffe3e41b000 	C:\windows\System32\RPCRT4.dll
0x00007ffe3e150000 - 0x00007ffe3e2f0000 	C:\windows\System32\USER32.dll
0x00007ffe2bfb0000 - 0x00007ffe2c24a000 	C:\windows\WinSxS\amd64_microsoft.windows.common-controls_6595b64144ccf1df_6.0.19041.844_none_ca00b6081b84eb1d\COMCTL32.dll
0x00007ffe3d5c0000 - 0x00007ffe3d5e2000 	C:\windows\System32\win32u.dll
0x00007ffe3e420000 - 0x00007ffe3e44a000 	C:\windows\System32\GDI32.dll
0x00007ffe3dd00000 - 0x00007ffe3de0b000 	C:\windows\System32\gdi32full.dll
0x00007ffe3dbb0000 - 0x00007ffe3dc4d000 	C:\windows\System32\msvcp_win.dll
0x00007ffe33a90000 - 0x00007ffe33a9a000 	C:\windows\SYSTEM32\VERSION.dll
0x00007ffe3e450000 - 0x00007ffe3e480000 	C:\windows\System32\IMM32.DLL
0x00007ffe0ecf0000 - 0x00007ffe0ed8b000 	C:\Program Files\Java\jdk-11.0.10\bin\msvcp140.dll
0x00007ffe0db90000 - 0x00007ffe0e68b000 	C:\Program Files\Java\jdk-11.0.10\bin\server\jvm.dll
0x00007ffe3e4e0000 - 0x00007ffe3e4e8000 	C:\windows\System32\PSAPI.DLL
0x00007ffe31dd0000 - 0x00007ffe31df7000 	C:\windows\SYSTEM32\WINMM.dll
0x00007ffe38ee0000 - 0x00007ffe38ee9000 	C:\windows\SYSTEM32\WSOCK32.dll
0x00007ffe3e850000 - 0x00007ffe3e8bb000 	C:\windows\System32\WS2_32.dll
0x00007ffe3bd70000 - 0x00007ffe3bd82000 	C:\windows\SYSTEM32\kernel.appcore.dll
0x00007ffe36ff0000 - 0x00007ffe37000000 	C:\Program Files\Java\jdk-11.0.10\bin\verify.dll
0x00007ffe3bb50000 - 0x00007ffe3bd34000 	C:\windows\SYSTEM32\DBGHELP.DLL
0x00007ffe2d220000 - 0x00007ffe2d24c000 	C:\windows\SYSTEM32\dbgcore.DLL
0x00007ffe3d540000 - 0x00007ffe3d5c0000 	C:\windows\System32\bcryptPrimitives.dll
0x00007ffe21af0000 - 0x00007ffe21b18000 	C:\Program Files\Java\jdk-11.0.10\bin\java.dll
0x00007ffe2f680000 - 0x00007ffe2f68a000 	C:\Program Files\Java\jdk-11.0.10\bin\jimage.dll
0x00007ffe21ad0000 - 0x00007ffe21ae6000 	C:\Program Files\Java\jdk-11.0.10\bin\zip.dll

dbghelp: loaded successfully - version: 4.0.5 - missing functions: none
symbol engine: initialized successfully - sym options: 0x614 - pdb path: .;C:\Program Files\Java\jdk-11.0.10\bin;C:\windows\SYSTEM32;C:\windows\WinSxS\amd64_microsoft.windows.common-controls_6595b64144ccf1df_6.0.19041.844_none_ca00b6081b84eb1d;C:\Program Files\Java\jdk-11.0.10\bin\server

VM Arguments:
java_command: <unknown>
java_class_path (initial): <not set>
Launcher Type: SUN_STANDARD

[Global flags]
     intx CICompilerCount                          = 4                                         {product} {ergonomic}
     uint ConcGCThreads                            = 2                                         {product} {ergonomic}
     uint G1ConcRefinementThreads                  = 8                                         {product} {ergonomic}
   size_t G1HeapRegionSize                         = 1048576                                   {product} {ergonomic}
    uintx GCDrainStackTargetSize                   = 64                                        {product} {ergonomic}
   size_t InitialHeapSize                          = 117440512                                 {product} {ergonomic}
   size_t MarkStackSize                            = 4194304                                   {product} {ergonomic}
   size_t MaxHeapSize                              = 1868562432                                {product} {ergonomic}
   size_t MinHeapDeltaBytes                        = 1048576                                   {product} {ergonomic}
    uintx NonNMethodCodeHeapSize                   = 5836300                                {pd product} {ergonomic}
    uintx NonProfiledCodeHeapSize                  = 122910970                              {pd product} {ergonomic}
    uintx ProfiledCodeHeapSize                     = 122910970                              {pd product} {ergonomic}
    uintx ReservedCodeCacheSize                    = 251658240                              {pd product} {ergonomic}
     bool SegmentedCodeCache                       = true                                      {product} {ergonomic}
     bool UseCompressedClassPointers               = true                                 {lp64_product} {ergonomic}
     bool UseCompressedOops                        = true                                 {lp64_product} {ergonomic}
     bool UseG1GC                                  = true                                      {product} {ergonomic}
     bool UseLargePagesIndividualAllocation        = false                                  {pd product} {ergonomic}

Logging:
Log output configuration:
 #0: stdout all=warning uptime,level,tags
 #1: stderr all=off uptime,level,tags

Environment Variables:
JAVA_HOME=C:\Program Files\Java\jdk1.8.0_212\
PATH=C:\Program Files\Common Files\Oracle\Java\javapath;C:\Program Files\Python37\Scripts\;C:\Program Files\Python37\;C:\Program Files (x86)\Common Files\Oracle\Java\javapath;C:\Program Files (x86)\NVIDIA Corporation\PhysX\Common;C:\WINDOWS\system32;C:\WINDOWS;C:\WINDOWS\System32\Wbem;C:\WINDOWS\System32\WindowsPowerShell\v1.0\;C:\WINDOWS\System32\OpenSSH\;C:\workfolder\.android\flutter\bin;C:\workfolder\.android\Sdk;C:\workfolder\.android\Sdk\emulator;C:\workfolder\.android\Sdk\platform-tools;C:\laragon\bin\nodejs\node-v14.15.1-win-x64;C:\laragon\bin\mysql\mysql-5.7.24-winx64\bin;C:\Program Files\MySQL\MySQL Server 8.0\bin;C:\laragon\bin\postgresql\bin;C:\Program Files\kubectl;C:\Program Files\helm\windows-amd64;C:\Program Files\dotnet\;C:\Program Files\Java\jdk1.8.0_212\bin;C:\Program Files (x86)\dotnet\;C:\Program Files (x86)\Inno Setup 6;C:\laragon\bin\php\php-7.3.26-Win32-VC15-x64;C:\Program Files (x86)\MySQL\MySQL Server 5.1\bin;C:\Program Files (x86)\Gpg4win\..\GnuPG\bin;C:\ProgramData\ComposerSetup\bin;C:\Program Files (x86)\WiX Toolset v3.11\bin;C:\Program Files\Git\cmd;C:\laragon\bin;C:\laragon\bin\apache\httpd-2.4.46-win64-VC15\bin;C:\laragon\bin\composer;C:\laragon\bin\git\bin;C:\laragon\bin\git\cmd;C:\laragon\bin\git\mingw64\bin;C:\laragon\bin\git\usr\bin;C:\laragon\bin\laragon\utils;C:\laragon\bin\mysql\mysql-5.7.24-winx64\bin;C:\laragon\bin\nginx\nginx-1.16.0;C:\laragon\bin\ngrok;C:\laragon\bin\nodejs\node-v14.15.5-win-x64;C:\laragon\bin\notepad++;C:\laragon\bin\php\php-7.3.26-Win32-VC15-x64;C:\laragon\bin\postgresql\postgresql-11.0-1\bin;C:\laragon\bin\putty;C:\laragon\bin\redis\redis-x64-3.2.100;C:\laragon\bin\telnet;C:\laragon\usr\bin;C:\Users\user\AppData\Local\Yarn\config\global\node_modules\.bin;C:\Users\user\AppData\Roaming\Composer\vendor\bin;C:\Users\user\AppData\Roaming\npm;C:\Program Files (x86)\Common Files\Oracle\Java\javapath;C:\Program Files (x86)\NVIDIA Corporation\PhysX\Common;C:\WINDOWS\system32;C:\WINDOWS;C:\WINDOWS\System32\Wbem;C:\WI
USERNAME=Andi
OS=Windows_NT
PROCESSOR_IDENTIFIER=AMD64 Family 23 Model 17 Stepping 0, AuthenticAMD



---------------  S Y S T E M  ---------------

OS: Windows 10 , 64 bit Build 19041 (10.0.19041.804)
Hyper-V role detected

CPU:total 8 (initial active 8) (8 cores per cpu, 2 threads per core) family 23 model 17 stepping 0 microcode 0x0, cmov, cx8, fxsr, mmx, sse, sse2, sse3, ssse3, sse4.1, sse4.2, popcnt, avx, avx2, aes, clmul, mmxext, 3dnowpref, lzcnt, sse4a, ht, tsc, tscinvbit, tscinv, bmi1, bmi2, adx, s

Memory: 4k page, system-wide physical 7124M (475M free)
TotalPageFile size 28613M (AvailPageFile size 98M)
current process WorkingSet (physical memory assigned to process): 9M, peak: 9M
current process commit charge ("private bytes"): 60M, peak: 171M

vm_info: Java HotSpot(TM) 64-Bit Server VM (11.0.10+8-LTS-162) for windows-amd64 JRE (11.0.10+8-LTS-162), built on Dec  8 2020 16:32:57 by "mach5one" with MS VC++ 15.9 (VS2017)

END.
